{"D:\\Teamlease\\React\\testingreact\\src\\App.js": {"path":"D:\\Teamlease\\React\\testingreact\\src\\App.js","statementMap":{"0":{"start":{"line":6,"column":2},"end":{"line":12,"column":4}}},"fnMap":{"0":{"name":"App","decl":{"start":{"line":5,"column":9},"end":{"line":5,"column":12}},"loc":{"start":{"line":5,"column":15},"end":{"line":13,"column":1}},"line":5}},"branchMap":{},"s":{"0":2},"f":{"0":2},"b":{},"_coverageSchema":"1a1c01bbd47fc00a2c39e90264f33305004495a9","hash":"0eb4a17b570aeb76d7162eea164e85dbf6d2ea21"}
,"D:\\Teamlease\\React\\testingreact\\src\\add.js": {"path":"D:\\Teamlease\\React\\testingreact\\src\\add.js","statementMap":{"0":{"start":{"line":1,"column":13},"end":{"line":3,"column":1}},"1":{"start":{"line":2,"column":4},"end":{"line":2,"column":16}}},"fnMap":{"0":{"name":"(anonymous_0)","decl":{"start":{"line":1,"column":13},"end":{"line":1,"column":14}},"loc":{"start":{"line":1,"column":22},"end":{"line":3,"column":1}},"line":1}},"branchMap":{},"s":{"0":1,"1":2},"f":{"0":2},"b":{},"_coverageSchema":"1a1c01bbd47fc00a2c39e90264f33305004495a9","hash":"caf402462c8272ee851ba1ce6647106fac6a7de4"}
,"D:\\Teamlease\\React\\testingreact\\src\\samplecomponent\\sample.js": {"path":"D:\\Teamlease\\React\\testingreact\\src\\samplecomponent\\sample.js","statementMap":{"0":{"start":{"line":7,"column":23},"end":{"line":12,"column":5}},"1":{"start":{"line":14,"column":4},"end":{"line":23,"column":7}},"2":{"start":{"line":19,"column":16},"end":{"line":19,"column":68}}},"fnMap":{"0":{"name":"Sample","decl":{"start":{"line":5,"column":9},"end":{"line":5,"column":15}},"loc":{"start":{"line":5,"column":18},"end":{"line":24,"column":1}},"line":5},"1":{"name":"(anonymous_1)","decl":{"start":{"line":18,"column":28},"end":{"line":18,"column":29}},"loc":{"start":{"line":18,"column":34},"end":{"line":20,"column":13}},"line":18}},"branchMap":{},"s":{"0":4,"1":4,"2":16},"f":{"0":4,"1":16},"b":{},"_coverageSchema":"1a1c01bbd47fc00a2c39e90264f33305004495a9","hash":"03c67866e2b7cdf352efe4611507bc028b005168"}
,"D:\\Teamlease\\React\\testingreact\\src\\samplecomponent\\single.js": {"path":"D:\\Teamlease\\React\\testingreact\\src\\samplecomponent\\single.js","statementMap":{"0":{"start":{"line":5,"column":35},"end":{"line":5,"column":45}},"1":{"start":{"line":7,"column":4},"end":{"line":7,"column":24}},"2":{"start":{"line":8,"column":4},"end":{"line":8,"column":26}},"3":{"start":{"line":10,"column":25},"end":{"line":10,"column":83}},"4":{"start":{"line":11,"column":4},"end":{"line":16,"column":7}}},"fnMap":{"0":{"name":"Single","decl":{"start":{"line":4,"column":9},"end":{"line":4,"column":15}},"loc":{"start":{"line":4,"column":23},"end":{"line":17,"column":1}},"line":4}},"branchMap":{"0":{"loc":{"start":{"line":10,"column":25},"end":{"line":10,"column":83}},"type":"cond-expr","locations":[{"start":{"line":10,"column":34},"end":{"line":10,"column":74}},{"start":{"line":10,"column":75},"end":{"line":10,"column":83}}],"line":10}},"s":{"0":18,"1":18,"2":18,"3":18,"4":18},"f":{"0":18},"b":{"0":[14,4]},"_coverageSchema":"1a1c01bbd47fc00a2c39e90264f33305004495a9","hash":"8171fa8f8b00e8dbc0676a6fae4c0d042291baf1"}
}
