TN:
SF:src\App.js
FN:5,App
FNF:1
FNH:1
FNDA:2,App
DA:6,2
LF:1
LH:1
BRF:0
BRH:0
end_of_record
TN:
SF:src\add.js
FN:1,(anonymous_0)
FNF:1
FNH:1
FNDA:2,(anonymous_0)
DA:1,1
DA:2,2
LF:2
LH:2
BRF:0
BRH:0
end_of_record
TN:
SF:src\samplecomponent\sample.js
FN:5,Sample
FN:18,(anonymous_1)
FNF:2
FNH:2
FNDA:4,Sample
FNDA:16,(anonymous_1)
DA:7,4
DA:14,4
DA:19,16
LF:3
LH:3
BRF:0
BRH:0
end_of_record
TN:
SF:src\samplecomponent\single.js
FN:4,Single
FNF:1
FNH:1
FNDA:18,Single
DA:5,18
DA:7,18
DA:8,18
DA:10,18
DA:11,18
LF:5
LH:5
BRDA:10,0,0,14
BRDA:10,0,1,4
BRF:2
BRH:2
end_of_record
